<?xml version="1.0" encoding="UTF-8" ?>
<testsuite tests="12" failures="0" name="edu.wisc.BasicFunctionalityTest" time="0.228" errors="0" skipped="0">
  <properties>
[...]
</properties>
  <testcase classname="edu.wisc.BasicFunctionalityTest" name="testRange" time="0"/>
  <testcase classname="edu.wisc.BasicFunctionalityTest" name="testUnion" time="0.134"/>
  <testcase classname="edu.wisc.BasicFunctionalityTest" name="testChar" time="0.001"/>
  <testcase classname="edu.wisc.BasicFunctionalityTest" name="testPlus" time="0.001"/>
  <testcase classname="edu.wisc.BasicFunctionalityTest" name="testStar" time="0"/>
  <testcase classname="edu.wisc.BasicFunctionalityTest" name="testDateExample" time="0.006"/>
  <testcase classname="edu.wisc.BasicFunctionalityTest" name="testGrafter" time="0.058"/>
  <testcase classname="edu.wisc.BasicFunctionalityTest" name="testOptional" time="0.001"/>
  <testcase classname="edu.wisc.BasicFunctionalityTest" name="testRepetition" time="0"/>
  <testcase classname="edu.wisc.BasicFunctionalityTest" name="testCommaFormat" time="0.023"/>
  <testcase classname="edu.wisc.BasicFunctionalityTest" name="testConcat" time="0.002"/>
  <testcase classname="edu.wisc.BasicFunctionalityTest" name="testCorpus" time="0.002"/>
</testsuite>